<?xml version="1.0" encoding="UTF-8"?>
<testsuite xmlns:xsi="http://www.w3.org/2001/XMLSchema-instance" xsi:noNamespaceSchemaLocation="https://maven.apache.org/surefire/maven-surefire-plugin/xsd/surefire-test-report.xsd" name="com.example.multiplication_service.MultiplicationServiceApplicationTests" time="7.807" tests="1" errors="1" skipped="0" failures="0">
  <properties>
    <property name="java.specification.version" value="18"/>
    <property name="sun.jnu.encoding" value="UTF-8"/>
    <property name="java.class.path" value="/Users/ginsenglee/Documents/GitHub/Multiplication-Microservices/multiplication_service/target/test-classes:/Users/ginsenglee/Documents/GitHub/Multiplication-Microservices/multiplication_service/target/classes:/Users/ginsenglee/.m2/repository/org/springframework/boot/spring-boot-starter-validation/2.7.2/spring-boot-starter-validation-2.7.2.jar:/Users/ginsenglee/.m2/repository/org/springframework/boot/spring-boot-starter/2.7.2/spring-boot-starter-2.7.2.jar:/Users/ginsenglee/.m2/repository/org/springframework/boot/spring-boot/2.7.2/spring-boot-2.7.2.jar:/Users/ginsenglee/.m2/repository/org/springframework/boot/spring-boot-autoconfigure/2.7.2/spring-boot-autoconfigure-2.7.2.jar:/Users/ginsenglee/.m2/repository/org/springframework/boot/spring-boot-starter-logging/2.7.2/spring-boot-starter-logging-2.7.2.jar:/Users/ginsenglee/.m2/repository/ch/qos/logback/logback-classic/1.2.11/logback-classic-1.2.11.jar:/Users/ginsenglee/.m2/repository/ch/qos/logback/logback-core/1.2.11/logback-core-1.2.11.jar:/Users/ginsenglee/.m2/repository/org/apache/logging/log4j/log4j-to-slf4j/2.17.2/log4j-to-slf4j-2.17.2.jar:/Users/ginsenglee/.m2/repository/org/apache/logging/log4j/log4j-api/2.17.2/log4j-api-2.17.2.jar:/Users/ginsenglee/.m2/repository/org/slf4j/jul-to-slf4j/1.7.36/jul-to-slf4j-1.7.36.jar:/Users/ginsenglee/.m2/repository/jakarta/annotation/jakarta.annotation-api/1.3.5/jakarta.annotation-api-1.3.5.jar:/Users/ginsenglee/.m2/repository/org/yaml/snakeyaml/1.30/snakeyaml-1.30.jar:/Users/ginsenglee/.m2/repository/org/apache/tomcat/embed/tomcat-embed-el/9.0.65/tomcat-embed-el-9.0.65.jar:/Users/ginsenglee/.m2/repository/org/hibernate/validator/hibernate-validator/6.2.3.Final/hibernate-validator-6.2.3.Final.jar:/Users/ginsenglee/.m2/repository/jakarta/validation/jakarta.validation-api/2.0.2/jakarta.validation-api-2.0.2.jar:/Users/ginsenglee/.m2/repository/org/jboss/logging/jboss-logging/3.4.3.Final/jboss-logging-3.4.3.Final.jar:/Users/ginsenglee/.m2/repository/com/fasterxml/classmate/1.5.1/classmate-1.5.1.jar:/Users/ginsenglee/.m2/repository/org/springframework/boot/spring-boot-starter-web/2.7.2/spring-boot-starter-web-2.7.2.jar:/Users/ginsenglee/.m2/repository/org/springframework/boot/spring-boot-starter-json/2.7.2/spring-boot-starter-json-2.7.2.jar:/Users/ginsenglee/.m2/repository/com/fasterxml/jackson/datatype/jackson-datatype-jdk8/2.13.3/jackson-datatype-jdk8-2.13.3.jar:/Users/ginsenglee/.m2/repository/com/fasterxml/jackson/datatype/jackson-datatype-jsr310/2.13.3/jackson-datatype-jsr310-2.13.3.jar:/Users/ginsenglee/.m2/repository/com/fasterxml/jackson/module/jackson-module-parameter-names/2.13.3/jackson-module-parameter-names-2.13.3.jar:/Users/ginsenglee/.m2/repository/org/springframework/boot/spring-boot-starter-tomcat/2.7.2/spring-boot-starter-tomcat-2.7.2.jar:/Users/ginsenglee/.m2/repository/org/apache/tomcat/embed/tomcat-embed-core/9.0.65/tomcat-embed-core-9.0.65.jar:/Users/ginsenglee/.m2/repository/org/apache/tomcat/embed/tomcat-embed-websocket/9.0.65/tomcat-embed-websocket-9.0.65.jar:/Users/ginsenglee/.m2/repository/org/springframework/spring-web/5.3.22/spring-web-5.3.22.jar:/Users/ginsenglee/.m2/repository/org/springframework/spring-beans/5.3.22/spring-beans-5.3.22.jar:/Users/ginsenglee/.m2/repository/org/springframework/spring-webmvc/5.3.22/spring-webmvc-5.3.22.jar:/Users/ginsenglee/.m2/repository/org/springframework/spring-aop/5.3.22/spring-aop-5.3.22.jar:/Users/ginsenglee/.m2/repository/org/springframework/spring-context/5.3.22/spring-context-5.3.22.jar:/Users/ginsenglee/.m2/repository/org/springframework/spring-expression/5.3.22/spring-expression-5.3.22.jar:/Users/ginsenglee/.m2/repository/org/projectlombok/lombok/1.18.24/lombok-1.18.24.jar:/Users/ginsenglee/.m2/repository/org/springframework/boot/spring-boot-starter-test/2.7.2/spring-boot-starter-test-2.7.2.jar:/Users/ginsenglee/.m2/repository/org/springframework/boot/spring-boot-test/2.7.2/spring-boot-test-2.7.2.jar:/Users/ginsenglee/.m2/repository/org/springframework/boot/spring-boot-test-autoconfigure/2.7.2/spring-boot-test-autoconfigure-2.7.2.jar:/Users/ginsenglee/.m2/repository/com/jayway/jsonpath/json-path/2.7.0/json-path-2.7.0.jar:/Users/ginsenglee/.m2/repository/net/minidev/json-smart/2.4.8/json-smart-2.4.8.jar:/Users/ginsenglee/.m2/repository/net/minidev/accessors-smart/2.4.8/accessors-smart-2.4.8.jar:/Users/ginsenglee/.m2/repository/org/ow2/asm/asm/9.1/asm-9.1.jar:/Users/ginsenglee/.m2/repository/org/slf4j/slf4j-api/1.7.36/slf4j-api-1.7.36.jar:/Users/ginsenglee/.m2/repository/jakarta/xml/bind/jakarta.xml.bind-api/2.3.3/jakarta.xml.bind-api-2.3.3.jar:/Users/ginsenglee/.m2/repository/jakarta/activation/jakarta.activation-api/1.2.2/jakarta.activation-api-1.2.2.jar:/Users/ginsenglee/.m2/repository/org/assertj/assertj-core/3.22.0/assertj-core-3.22.0.jar:/Users/ginsenglee/.m2/repository/org/hamcrest/hamcrest/2.2/hamcrest-2.2.jar:/Users/ginsenglee/.m2/repository/org/junit/jupiter/junit-jupiter/5.8.2/junit-jupiter-5.8.2.jar:/Users/ginsenglee/.m2/repository/org/junit/jupiter/junit-jupiter-api/5.8.2/junit-jupiter-api-5.8.2.jar:/Users/ginsenglee/.m2/repository/org/opentest4j/opentest4j/1.2.0/opentest4j-1.2.0.jar:/Users/ginsenglee/.m2/repository/org/junit/platform/junit-platform-commons/1.8.2/junit-platform-commons-1.8.2.jar:/Users/ginsenglee/.m2/repository/org/apiguardian/apiguardian-api/1.1.2/apiguardian-api-1.1.2.jar:/Users/ginsenglee/.m2/repository/org/junit/jupiter/junit-jupiter-params/5.8.2/junit-jupiter-params-5.8.2.jar:/Users/ginsenglee/.m2/repository/org/junit/jupiter/junit-jupiter-engine/5.8.2/junit-jupiter-engine-5.8.2.jar:/Users/ginsenglee/.m2/repository/org/junit/platform/junit-platform-engine/1.8.2/junit-platform-engine-1.8.2.jar:/Users/ginsenglee/.m2/repository/org/mockito/mockito-core/4.5.1/mockito-core-4.5.1.jar:/Users/ginsenglee/.m2/repository/net/bytebuddy/byte-buddy/1.12.12/byte-buddy-1.12.12.jar:/Users/ginsenglee/.m2/repository/net/bytebuddy/byte-buddy-agent/1.12.12/byte-buddy-agent-1.12.12.jar:/Users/ginsenglee/.m2/repository/org/objenesis/objenesis/3.2/objenesis-3.2.jar:/Users/ginsenglee/.m2/repository/org/mockito/mockito-junit-jupiter/4.5.1/mockito-junit-jupiter-4.5.1.jar:/Users/ginsenglee/.m2/repository/org/skyscreamer/jsonassert/1.5.1/jsonassert-1.5.1.jar:/Users/ginsenglee/.m2/repository/com/vaadin/external/google/android-json/0.0.20131108.vaadin1/android-json-0.0.20131108.vaadin1.jar:/Users/ginsenglee/.m2/repository/org/springframework/spring-core/5.3.22/spring-core-5.3.22.jar:/Users/ginsenglee/.m2/repository/org/springframework/spring-jcl/5.3.22/spring-jcl-5.3.22.jar:/Users/ginsenglee/.m2/repository/org/springframework/spring-test/5.3.22/spring-test-5.3.22.jar:/Users/ginsenglee/.m2/repository/org/xmlunit/xmlunit-core/2.9.0/xmlunit-core-2.9.0.jar:/Users/ginsenglee/.m2/repository/org/springframework/boot/spring-boot-starter-data-jpa/2.7.2/spring-boot-starter-data-jpa-2.7.2.jar:/Users/ginsenglee/.m2/repository/org/springframework/boot/spring-boot-starter-aop/2.7.2/spring-boot-starter-aop-2.7.2.jar:/Users/ginsenglee/.m2/repository/org/aspectj/aspectjweaver/1.9.7/aspectjweaver-1.9.7.jar:/Users/ginsenglee/.m2/repository/org/springframework/boot/spring-boot-starter-jdbc/2.7.2/spring-boot-starter-jdbc-2.7.2.jar:/Users/ginsenglee/.m2/repository/com/zaxxer/HikariCP/4.0.3/HikariCP-4.0.3.jar:/Users/ginsenglee/.m2/repository/org/springframework/spring-jdbc/5.3.22/spring-jdbc-5.3.22.jar:/Users/ginsenglee/.m2/repository/jakarta/transaction/jakarta.transaction-api/1.3.3/jakarta.transaction-api-1.3.3.jar:/Users/ginsenglee/.m2/repository/jakarta/persistence/jakarta.persistence-api/2.2.3/jakarta.persistence-api-2.2.3.jar:/Users/ginsenglee/.m2/repository/org/hibernate/hibernate-core/5.6.10.Final/hibernate-core-5.6.10.Final.jar:/Users/ginsenglee/.m2/repository/antlr/antlr/2.7.7/antlr-2.7.7.jar:/Users/ginsenglee/.m2/repository/org/jboss/jandex/2.4.2.Final/jandex-2.4.2.Final.jar:/Users/ginsenglee/.m2/repository/org/hibernate/common/hibernate-commons-annotations/5.1.2.Final/hibernate-commons-annotations-5.1.2.Final.jar:/Users/ginsenglee/.m2/repository/org/glassfish/jaxb/jaxb-runtime/2.3.6/jaxb-runtime-2.3.6.jar:/Users/ginsenglee/.m2/repository/org/glassfish/jaxb/txw2/2.3.6/txw2-2.3.6.jar:/Users/ginsenglee/.m2/repository/com/sun/istack/istack-commons-runtime/3.0.12/istack-commons-runtime-3.0.12.jar:/Users/ginsenglee/.m2/repository/com/sun/activation/jakarta.activation/1.2.2/jakarta.activation-1.2.2.jar:/Users/ginsenglee/.m2/repository/org/springframework/data/spring-data-jpa/2.7.2/spring-data-jpa-2.7.2.jar:/Users/ginsenglee/.m2/repository/org/springframework/data/spring-data-commons/2.7.2/spring-data-commons-2.7.2.jar:/Users/ginsenglee/.m2/repository/org/springframework/spring-orm/5.3.22/spring-orm-5.3.22.jar:/Users/ginsenglee/.m2/repository/org/springframework/spring-tx/5.3.22/spring-tx-5.3.22.jar:/Users/ginsenglee/.m2/repository/org/springframework/spring-aspects/5.3.22/spring-aspects-5.3.22.jar:/Users/ginsenglee/.m2/repository/com/h2database/h2/2.1.214/h2-2.1.214.jar:/Users/ginsenglee/.m2/repository/com/fasterxml/jackson/datatype/jackson-datatype-hibernate5/2.13.3/jackson-datatype-hibernate5-2.13.3.jar:/Users/ginsenglee/.m2/repository/javax/transaction/javax.transaction-api/1.3/javax.transaction-api-1.3.jar:/Users/ginsenglee/.m2/repository/com/fasterxml/jackson/core/jackson-core/2.13.3/jackson-core-2.13.3.jar:/Users/ginsenglee/.m2/repository/com/fasterxml/jackson/core/jackson-databind/2.13.3/jackson-databind-2.13.3.jar:/Users/ginsenglee/.m2/repository/com/fasterxml/jackson/core/jackson-annotations/2.13.3/jackson-annotations-2.13.3.jar:/Users/ginsenglee/.m2/repository/org/springframework/boot/spring-boot-starter-amqp/2.7.2/spring-boot-starter-amqp-2.7.2.jar:/Users/ginsenglee/.m2/repository/org/springframework/spring-messaging/5.3.22/spring-messaging-5.3.22.jar:/Users/ginsenglee/.m2/repository/org/springframework/amqp/spring-rabbit/2.4.6/spring-rabbit-2.4.6.jar:/Users/ginsenglee/.m2/repository/org/springframework/amqp/spring-amqp/2.4.6/spring-amqp-2.4.6.jar:/Users/ginsenglee/.m2/repository/org/springframework/retry/spring-retry/1.3.3/spring-retry-1.3.3.jar:/Users/ginsenglee/.m2/repository/com/rabbitmq/amqp-client/5.14.2/amqp-client-5.14.2.jar:/Users/ginsenglee/.m2/repository/org/springframework/boot/spring-boot-starter-actuator/2.7.2/spring-boot-starter-actuator-2.7.2.jar:/Users/ginsenglee/.m2/repository/org/springframework/boot/spring-boot-actuator-autoconfigure/2.7.2/spring-boot-actuator-autoconfigure-2.7.2.jar:/Users/ginsenglee/.m2/repository/org/springframework/boot/spring-boot-actuator/2.7.2/spring-boot-actuator-2.7.2.jar:/Users/ginsenglee/.m2/repository/io/micrometer/micrometer-core/1.9.2/micrometer-core-1.9.2.jar:/Users/ginsenglee/.m2/repository/org/hdrhistogram/HdrHistogram/2.1.12/HdrHistogram-2.1.12.jar:/Users/ginsenglee/.m2/repository/org/latencyutils/LatencyUtils/2.0.3/LatencyUtils-2.0.3.jar:/Users/ginsenglee/.m2/repository/org/springframework/cloud/spring-cloud-starter-consul-discovery/3.1.1/spring-cloud-starter-consul-discovery-3.1.1.jar:/Users/ginsenglee/.m2/repository/org/springframework/cloud/spring-cloud-starter-consul/3.1.1/spring-cloud-starter-consul-3.1.1.jar:/Users/ginsenglee/.m2/repository/org/springframework/cloud/spring-cloud-starter/3.1.3/spring-cloud-starter-3.1.3.jar:/Users/ginsenglee/.m2/repository/org/springframework/cloud/spring-cloud-context/3.1.3/spring-cloud-context-3.1.3.jar:/Users/ginsenglee/.m2/repository/org/springframework/security/spring-security-rsa/1.0.10.RELEASE/spring-security-rsa-1.0.10.RELEASE.jar:/Users/ginsenglee/.m2/repository/org/bouncycastle/bcpkix-jdk15on/1.68/bcpkix-jdk15on-1.68.jar:/Users/ginsenglee/.m2/repository/org/bouncycastle/bcprov-jdk15on/1.68/bcprov-jdk15on-1.68.jar:/Users/ginsenglee/.m2/repository/org/springframework/cloud/spring-cloud-consul-core/3.1.1/spring-cloud-consul-core-3.1.1.jar:/Users/ginsenglee/.m2/repository/com/ecwid/consul/consul-api/1.4.5/consul-api-1.4.5.jar:/Users/ginsenglee/.m2/repository/com/google/code/gson/gson/2.9.0/gson-2.9.0.jar:/Users/ginsenglee/.m2/repository/org/apache/httpcomponents/httpclient/4.5.13/httpclient-4.5.13.jar:/Users/ginsenglee/.m2/repository/commons-codec/commons-codec/1.15/commons-codec-1.15.jar:/Users/ginsenglee/.m2/repository/org/apache/httpcomponents/httpcore/4.4.15/httpcore-4.4.15.jar:/Users/ginsenglee/.m2/repository/org/springframework/cloud/spring-cloud-consul-discovery/3.1.1/spring-cloud-consul-discovery-3.1.1.jar:/Users/ginsenglee/.m2/repository/org/springframework/cloud/spring-cloud-starter-loadbalancer/3.1.3/spring-cloud-starter-loadbalancer-3.1.3.jar:/Users/ginsenglee/.m2/repository/org/springframework/cloud/spring-cloud-loadbalancer/3.1.3/spring-cloud-loadbalancer-3.1.3.jar:/Users/ginsenglee/.m2/repository/io/projectreactor/reactor-core/3.4.21/reactor-core-3.4.21.jar:/Users/ginsenglee/.m2/repository/org/reactivestreams/reactive-streams/1.0.4/reactive-streams-1.0.4.jar:/Users/ginsenglee/.m2/repository/io/projectreactor/addons/reactor-extra/3.4.8/reactor-extra-3.4.8.jar:/Users/ginsenglee/.m2/repository/org/springframework/boot/spring-boot-starter-cache/2.7.2/spring-boot-starter-cache-2.7.2.jar:/Users/ginsenglee/.m2/repository/org/springframework/spring-context-support/5.3.22/spring-context-support-5.3.22.jar:/Users/ginsenglee/.m2/repository/com/stoyanr/evictor/1.0.0/evictor-1.0.0.jar:/Users/ginsenglee/.m2/repository/org/springframework/cloud/spring-cloud-starter-consul-config/3.1.1/spring-cloud-starter-consul-config-3.1.1.jar:/Users/ginsenglee/.m2/repository/org/springframework/cloud/spring-cloud-consul-config/3.1.1/spring-cloud-consul-config-3.1.1.jar:/Users/ginsenglee/.m2/repository/org/springframework/cloud/spring-cloud-commons/3.1.3/spring-cloud-commons-3.1.3.jar:/Users/ginsenglee/.m2/repository/org/springframework/security/spring-security-crypto/5.7.2/spring-security-crypto-5.7.2.jar:"/>
    <property name="java.vm.vendor" value="Oracle Corporation"/>
    <property name="sun.arch.data.model" value="64"/>
    <property name="java.vendor.url" value="https://java.oracle.com/"/>
    <property name="os.name" value="Mac OS X"/>
    <property name="java.vm.specification.version" value="18"/>
    <property name="sun.java.launcher" value="SUN_STANDARD"/>
    <property name="user.country" value="KR"/>
    <property name="sun.boot.library.path" value="/Users/ginsenglee/Library/Java/JavaVirtualMachines/openjdk-18.0.1.1/Contents/Home/lib"/>
    <property name="sun.java.command" value="/Users/ginsenglee/Documents/GitHub/Multiplication-Microservices/multiplication_service/target/surefire/surefirebooter14161366875793331558.jar /Users/ginsenglee/Documents/GitHub/Multiplication-Microservices/multiplication_service/target/surefire 2022-08-14T19-18-48_107-jvmRun1 surefire13631676342298306269tmp surefire_016358972914704609045tmp"/>
    <property name="http.nonProxyHosts" value="local|*.local|169.254/16|*.169.254/16|127.0.0.1:21300|*.127.0.0.1:21300|localhost|*.localhost|lx.astxsvc.com|*.lx.astxsvc.com"/>
    <property name="jdk.debug" value="release"/>
    <property name="surefire.test.class.path" value="/Users/ginsenglee/Documents/GitHub/Multiplication-Microservices/multiplication_service/target/test-classes:/Users/ginsenglee/Documents/GitHub/Multiplication-Microservices/multiplication_service/target/classes:/Users/ginsenglee/.m2/repository/org/springframework/boot/spring-boot-starter-validation/2.7.2/spring-boot-starter-validation-2.7.2.jar:/Users/ginsenglee/.m2/repository/org/springframework/boot/spring-boot-starter/2.7.2/spring-boot-starter-2.7.2.jar:/Users/ginsenglee/.m2/repository/org/springframework/boot/spring-boot/2.7.2/spring-boot-2.7.2.jar:/Users/ginsenglee/.m2/repository/org/springframework/boot/spring-boot-autoconfigure/2.7.2/spring-boot-autoconfigure-2.7.2.jar:/Users/ginsenglee/.m2/repository/org/springframework/boot/spring-boot-starter-logging/2.7.2/spring-boot-starter-logging-2.7.2.jar:/Users/ginsenglee/.m2/repository/ch/qos/logback/logback-classic/1.2.11/logback-classic-1.2.11.jar:/Users/ginsenglee/.m2/repository/ch/qos/logback/logback-core/1.2.11/logback-core-1.2.11.jar:/Users/ginsenglee/.m2/repository/org/apache/logging/log4j/log4j-to-slf4j/2.17.2/log4j-to-slf4j-2.17.2.jar:/Users/ginsenglee/.m2/repository/org/apache/logging/log4j/log4j-api/2.17.2/log4j-api-2.17.2.jar:/Users/ginsenglee/.m2/repository/org/slf4j/jul-to-slf4j/1.7.36/jul-to-slf4j-1.7.36.jar:/Users/ginsenglee/.m2/repository/jakarta/annotation/jakarta.annotation-api/1.3.5/jakarta.annotation-api-1.3.5.jar:/Users/ginsenglee/.m2/repository/org/yaml/snakeyaml/1.30/snakeyaml-1.30.jar:/Users/ginsenglee/.m2/repository/org/apache/tomcat/embed/tomcat-embed-el/9.0.65/tomcat-embed-el-9.0.65.jar:/Users/ginsenglee/.m2/repository/org/hibernate/validator/hibernate-validator/6.2.3.Final/hibernate-validator-6.2.3.Final.jar:/Users/ginsenglee/.m2/repository/jakarta/validation/jakarta.validation-api/2.0.2/jakarta.validation-api-2.0.2.jar:/Users/ginsenglee/.m2/repository/org/jboss/logging/jboss-logging/3.4.3.Final/jboss-logging-3.4.3.Final.jar:/Users/ginsenglee/.m2/repository/com/fasterxml/classmate/1.5.1/classmate-1.5.1.jar:/Users/ginsenglee/.m2/repository/org/springframework/boot/spring-boot-starter-web/2.7.2/spring-boot-starter-web-2.7.2.jar:/Users/ginsenglee/.m2/repository/org/springframework/boot/spring-boot-starter-json/2.7.2/spring-boot-starter-json-2.7.2.jar:/Users/ginsenglee/.m2/repository/com/fasterxml/jackson/datatype/jackson-datatype-jdk8/2.13.3/jackson-datatype-jdk8-2.13.3.jar:/Users/ginsenglee/.m2/repository/com/fasterxml/jackson/datatype/jackson-datatype-jsr310/2.13.3/jackson-datatype-jsr310-2.13.3.jar:/Users/ginsenglee/.m2/repository/com/fasterxml/jackson/module/jackson-module-parameter-names/2.13.3/jackson-module-parameter-names-2.13.3.jar:/Users/ginsenglee/.m2/repository/org/springframework/boot/spring-boot-starter-tomcat/2.7.2/spring-boot-starter-tomcat-2.7.2.jar:/Users/ginsenglee/.m2/repository/org/apache/tomcat/embed/tomcat-embed-core/9.0.65/tomcat-embed-core-9.0.65.jar:/Users/ginsenglee/.m2/repository/org/apache/tomcat/embed/tomcat-embed-websocket/9.0.65/tomcat-embed-websocket-9.0.65.jar:/Users/ginsenglee/.m2/repository/org/springframework/spring-web/5.3.22/spring-web-5.3.22.jar:/Users/ginsenglee/.m2/repository/org/springframework/spring-beans/5.3.22/spring-beans-5.3.22.jar:/Users/ginsenglee/.m2/repository/org/springframework/spring-webmvc/5.3.22/spring-webmvc-5.3.22.jar:/Users/ginsenglee/.m2/repository/org/springframework/spring-aop/5.3.22/spring-aop-5.3.22.jar:/Users/ginsenglee/.m2/repository/org/springframework/spring-context/5.3.22/spring-context-5.3.22.jar:/Users/ginsenglee/.m2/repository/org/springframework/spring-expression/5.3.22/spring-expression-5.3.22.jar:/Users/ginsenglee/.m2/repository/org/projectlombok/lombok/1.18.24/lombok-1.18.24.jar:/Users/ginsenglee/.m2/repository/org/springframework/boot/spring-boot-starter-test/2.7.2/spring-boot-starter-test-2.7.2.jar:/Users/ginsenglee/.m2/repository/org/springframework/boot/spring-boot-test/2.7.2/spring-boot-test-2.7.2.jar:/Users/ginsenglee/.m2/repository/org/springframework/boot/spring-boot-test-autoconfigure/2.7.2/spring-boot-test-autoconfigure-2.7.2.jar:/Users/ginsenglee/.m2/repository/com/jayway/jsonpath/json-path/2.7.0/json-path-2.7.0.jar:/Users/ginsenglee/.m2/repository/net/minidev/json-smart/2.4.8/json-smart-2.4.8.jar:/Users/ginsenglee/.m2/repository/net/minidev/accessors-smart/2.4.8/accessors-smart-2.4.8.jar:/Users/ginsenglee/.m2/repository/org/ow2/asm/asm/9.1/asm-9.1.jar:/Users/ginsenglee/.m2/repository/org/slf4j/slf4j-api/1.7.36/slf4j-api-1.7.36.jar:/Users/ginsenglee/.m2/repository/jakarta/xml/bind/jakarta.xml.bind-api/2.3.3/jakarta.xml.bind-api-2.3.3.jar:/Users/ginsenglee/.m2/repository/jakarta/activation/jakarta.activation-api/1.2.2/jakarta.activation-api-1.2.2.jar:/Users/ginsenglee/.m2/repository/org/assertj/assertj-core/3.22.0/assertj-core-3.22.0.jar:/Users/ginsenglee/.m2/repository/org/hamcrest/hamcrest/2.2/hamcrest-2.2.jar:/Users/ginsenglee/.m2/repository/org/junit/jupiter/junit-jupiter/5.8.2/junit-jupiter-5.8.2.jar:/Users/ginsenglee/.m2/repository/org/junit/jupiter/junit-jupiter-api/5.8.2/junit-jupiter-api-5.8.2.jar:/Users/ginsenglee/.m2/repository/org/opentest4j/opentest4j/1.2.0/opentest4j-1.2.0.jar:/Users/ginsenglee/.m2/repository/org/junit/platform/junit-platform-commons/1.8.2/junit-platform-commons-1.8.2.jar:/Users/ginsenglee/.m2/repository/org/apiguardian/apiguardian-api/1.1.2/apiguardian-api-1.1.2.jar:/Users/ginsenglee/.m2/repository/org/junit/jupiter/junit-jupiter-params/5.8.2/junit-jupiter-params-5.8.2.jar:/Users/ginsenglee/.m2/repository/org/junit/jupiter/junit-jupiter-engine/5.8.2/junit-jupiter-engine-5.8.2.jar:/Users/ginsenglee/.m2/repository/org/junit/platform/junit-platform-engine/1.8.2/junit-platform-engine-1.8.2.jar:/Users/ginsenglee/.m2/repository/org/mockito/mockito-core/4.5.1/mockito-core-4.5.1.jar:/Users/ginsenglee/.m2/repository/net/bytebuddy/byte-buddy/1.12.12/byte-buddy-1.12.12.jar:/Users/ginsenglee/.m2/repository/net/bytebuddy/byte-buddy-agent/1.12.12/byte-buddy-agent-1.12.12.jar:/Users/ginsenglee/.m2/repository/org/objenesis/objenesis/3.2/objenesis-3.2.jar:/Users/ginsenglee/.m2/repository/org/mockito/mockito-junit-jupiter/4.5.1/mockito-junit-jupiter-4.5.1.jar:/Users/ginsenglee/.m2/repository/org/skyscreamer/jsonassert/1.5.1/jsonassert-1.5.1.jar:/Users/ginsenglee/.m2/repository/com/vaadin/external/google/android-json/0.0.20131108.vaadin1/android-json-0.0.20131108.vaadin1.jar:/Users/ginsenglee/.m2/repository/org/springframework/spring-core/5.3.22/spring-core-5.3.22.jar:/Users/ginsenglee/.m2/repository/org/springframework/spring-jcl/5.3.22/spring-jcl-5.3.22.jar:/Users/ginsenglee/.m2/repository/org/springframework/spring-test/5.3.22/spring-test-5.3.22.jar:/Users/ginsenglee/.m2/repository/org/xmlunit/xmlunit-core/2.9.0/xmlunit-core-2.9.0.jar:/Users/ginsenglee/.m2/repository/org/springframework/boot/spring-boot-starter-data-jpa/2.7.2/spring-boot-starter-data-jpa-2.7.2.jar:/Users/ginsenglee/.m2/repository/org/springframework/boot/spring-boot-starter-aop/2.7.2/spring-boot-starter-aop-2.7.2.jar:/Users/ginsenglee/.m2/repository/org/aspectj/aspectjweaver/1.9.7/aspectjweaver-1.9.7.jar:/Users/ginsenglee/.m2/repository/org/springframework/boot/spring-boot-starter-jdbc/2.7.2/spring-boot-starter-jdbc-2.7.2.jar:/Users/ginsenglee/.m2/repository/com/zaxxer/HikariCP/4.0.3/HikariCP-4.0.3.jar:/Users/ginsenglee/.m2/repository/org/springframework/spring-jdbc/5.3.22/spring-jdbc-5.3.22.jar:/Users/ginsenglee/.m2/repository/jakarta/transaction/jakarta.transaction-api/1.3.3/jakarta.transaction-api-1.3.3.jar:/Users/ginsenglee/.m2/repository/jakarta/persistence/jakarta.persistence-api/2.2.3/jakarta.persistence-api-2.2.3.jar:/Users/ginsenglee/.m2/repository/org/hibernate/hibernate-core/5.6.10.Final/hibernate-core-5.6.10.Final.jar:/Users/ginsenglee/.m2/repository/antlr/antlr/2.7.7/antlr-2.7.7.jar:/Users/ginsenglee/.m2/repository/org/jboss/jandex/2.4.2.Final/jandex-2.4.2.Final.jar:/Users/ginsenglee/.m2/repository/org/hibernate/common/hibernate-commons-annotations/5.1.2.Final/hibernate-commons-annotations-5.1.2.Final.jar:/Users/ginsenglee/.m2/repository/org/glassfish/jaxb/jaxb-runtime/2.3.6/jaxb-runtime-2.3.6.jar:/Users/ginsenglee/.m2/repository/org/glassfish/jaxb/txw2/2.3.6/txw2-2.3.6.jar:/Users/ginsenglee/.m2/repository/com/sun/istack/istack-commons-runtime/3.0.12/istack-commons-runtime-3.0.12.jar:/Users/ginsenglee/.m2/repository/com/sun/activation/jakarta.activation/1.2.2/jakarta.activation-1.2.2.jar:/Users/ginsenglee/.m2/repository/org/springframework/data/spring-data-jpa/2.7.2/spring-data-jpa-2.7.2.jar:/Users/ginsenglee/.m2/repository/org/springframework/data/spring-data-commons/2.7.2/spring-data-commons-2.7.2.jar:/Users/ginsenglee/.m2/repository/org/springframework/spring-orm/5.3.22/spring-orm-5.3.22.jar:/Users/ginsenglee/.m2/repository/org/springframework/spring-tx/5.3.22/spring-tx-5.3.22.jar:/Users/ginsenglee/.m2/repository/org/springframework/spring-aspects/5.3.22/spring-aspects-5.3.22.jar:/Users/ginsenglee/.m2/repository/com/h2database/h2/2.1.214/h2-2.1.214.jar:/Users/ginsenglee/.m2/repository/com/fasterxml/jackson/datatype/jackson-datatype-hibernate5/2.13.3/jackson-datatype-hibernate5-2.13.3.jar:/Users/ginsenglee/.m2/repository/javax/transaction/javax.transaction-api/1.3/javax.transaction-api-1.3.jar:/Users/ginsenglee/.m2/repository/com/fasterxml/jackson/core/jackson-core/2.13.3/jackson-core-2.13.3.jar:/Users/ginsenglee/.m2/repository/com/fasterxml/jackson/core/jackson-databind/2.13.3/jackson-databind-2.13.3.jar:/Users/ginsenglee/.m2/repository/com/fasterxml/jackson/core/jackson-annotations/2.13.3/jackson-annotations-2.13.3.jar:/Users/ginsenglee/.m2/repository/org/springframework/boot/spring-boot-starter-amqp/2.7.2/spring-boot-starter-amqp-2.7.2.jar:/Users/ginsenglee/.m2/repository/org/springframework/spring-messaging/5.3.22/spring-messaging-5.3.22.jar:/Users/ginsenglee/.m2/repository/org/springframework/amqp/spring-rabbit/2.4.6/spring-rabbit-2.4.6.jar:/Users/ginsenglee/.m2/repository/org/springframework/amqp/spring-amqp/2.4.6/spring-amqp-2.4.6.jar:/Users/ginsenglee/.m2/repository/org/springframework/retry/spring-retry/1.3.3/spring-retry-1.3.3.jar:/Users/ginsenglee/.m2/repository/com/rabbitmq/amqp-client/5.14.2/amqp-client-5.14.2.jar:/Users/ginsenglee/.m2/repository/org/springframework/boot/spring-boot-starter-actuator/2.7.2/spring-boot-starter-actuator-2.7.2.jar:/Users/ginsenglee/.m2/repository/org/springframework/boot/spring-boot-actuator-autoconfigure/2.7.2/spring-boot-actuator-autoconfigure-2.7.2.jar:/Users/ginsenglee/.m2/repository/org/springframework/boot/spring-boot-actuator/2.7.2/spring-boot-actuator-2.7.2.jar:/Users/ginsenglee/.m2/repository/io/micrometer/micrometer-core/1.9.2/micrometer-core-1.9.2.jar:/Users/ginsenglee/.m2/repository/org/hdrhistogram/HdrHistogram/2.1.12/HdrHistogram-2.1.12.jar:/Users/ginsenglee/.m2/repository/org/latencyutils/LatencyUtils/2.0.3/LatencyUtils-2.0.3.jar:/Users/ginsenglee/.m2/repository/org/springframework/cloud/spring-cloud-starter-consul-discovery/3.1.1/spring-cloud-starter-consul-discovery-3.1.1.jar:/Users/ginsenglee/.m2/repository/org/springframework/cloud/spring-cloud-starter-consul/3.1.1/spring-cloud-starter-consul-3.1.1.jar:/Users/ginsenglee/.m2/repository/org/springframework/cloud/spring-cloud-starter/3.1.3/spring-cloud-starter-3.1.3.jar:/Users/ginsenglee/.m2/repository/org/springframework/cloud/spring-cloud-context/3.1.3/spring-cloud-context-3.1.3.jar:/Users/ginsenglee/.m2/repository/org/springframework/security/spring-security-rsa/1.0.10.RELEASE/spring-security-rsa-1.0.10.RELEASE.jar:/Users/ginsenglee/.m2/repository/org/bouncycastle/bcpkix-jdk15on/1.68/bcpkix-jdk15on-1.68.jar:/Users/ginsenglee/.m2/repository/org/bouncycastle/bcprov-jdk15on/1.68/bcprov-jdk15on-1.68.jar:/Users/ginsenglee/.m2/repository/org/springframework/cloud/spring-cloud-consul-core/3.1.1/spring-cloud-consul-core-3.1.1.jar:/Users/ginsenglee/.m2/repository/com/ecwid/consul/consul-api/1.4.5/consul-api-1.4.5.jar:/Users/ginsenglee/.m2/repository/com/google/code/gson/gson/2.9.0/gson-2.9.0.jar:/Users/ginsenglee/.m2/repository/org/apache/httpcomponents/httpclient/4.5.13/httpclient-4.5.13.jar:/Users/ginsenglee/.m2/repository/commons-codec/commons-codec/1.15/commons-codec-1.15.jar:/Users/ginsenglee/.m2/repository/org/apache/httpcomponents/httpcore/4.4.15/httpcore-4.4.15.jar:/Users/ginsenglee/.m2/repository/org/springframework/cloud/spring-cloud-consul-discovery/3.1.1/spring-cloud-consul-discovery-3.1.1.jar:/Users/ginsenglee/.m2/repository/org/springframework/cloud/spring-cloud-starter-loadbalancer/3.1.3/spring-cloud-starter-loadbalancer-3.1.3.jar:/Users/ginsenglee/.m2/repository/org/springframework/cloud/spring-cloud-loadbalancer/3.1.3/spring-cloud-loadbalancer-3.1.3.jar:/Users/ginsenglee/.m2/repository/io/projectreactor/reactor-core/3.4.21/reactor-core-3.4.21.jar:/Users/ginsenglee/.m2/repository/org/reactivestreams/reactive-streams/1.0.4/reactive-streams-1.0.4.jar:/Users/ginsenglee/.m2/repository/io/projectreactor/addons/reactor-extra/3.4.8/reactor-extra-3.4.8.jar:/Users/ginsenglee/.m2/repository/org/springframework/boot/spring-boot-starter-cache/2.7.2/spring-boot-starter-cache-2.7.2.jar:/Users/ginsenglee/.m2/repository/org/springframework/spring-context-support/5.3.22/spring-context-support-5.3.22.jar:/Users/ginsenglee/.m2/repository/com/stoyanr/evictor/1.0.0/evictor-1.0.0.jar:/Users/ginsenglee/.m2/repository/org/springframework/cloud/spring-cloud-starter-consul-config/3.1.1/spring-cloud-starter-consul-config-3.1.1.jar:/Users/ginsenglee/.m2/repository/org/springframework/cloud/spring-cloud-consul-config/3.1.1/spring-cloud-consul-config-3.1.1.jar:/Users/ginsenglee/.m2/repository/org/springframework/cloud/spring-cloud-commons/3.1.3/spring-cloud-commons-3.1.3.jar:/Users/ginsenglee/.m2/repository/org/springframework/security/spring-security-crypto/5.7.2/spring-security-crypto-5.7.2.jar:"/>
    <property name="sun.cpu.endian" value="little"/>
    <property name="user.home" value="/Users/ginsenglee"/>
    <property name="user.language" value="en"/>
    <property name="java.specification.vendor" value="Oracle Corporation"/>
    <property name="java.version.date" value="2022-04-22"/>
    <property name="java.home" value="/Users/ginsenglee/Library/Java/JavaVirtualMachines/openjdk-18.0.1.1/Contents/Home"/>
    <property name="file.separator" value="/"/>
    <property name="basedir" value="/Users/ginsenglee/Documents/GitHub/Multiplication-Microservices/multiplication_service"/>
    <property name="java.vm.compressedOopsMode" value="Zero based"/>
    <property name="line.separator" value="&#10;"/>
    <property name="java.specification.name" value="Java Platform API Specification"/>
    <property name="java.vm.specification.vendor" value="Oracle Corporation"/>
    <property name="apple.awt.application.name" value="ForkedBooter"/>
    <property name="surefire.real.class.path" value="/Users/ginsenglee/Documents/GitHub/Multiplication-Microservices/multiplication_service/target/surefire/surefirebooter14161366875793331558.jar"/>
    <property name="sun.management.compiler" value="HotSpot 64-Bit Tiered Compilers"/>
    <property name="ftp.nonProxyHosts" value="local|*.local|169.254/16|*.169.254/16|127.0.0.1:21300|*.127.0.0.1:21300|localhost|*.localhost|lx.astxsvc.com|*.lx.astxsvc.com"/>
    <property name="java.runtime.version" value="18.0.1.1+2-6"/>
    <property name="user.name" value="ginsenglee"/>
    <property name="path.separator" value=":"/>
    <property name="os.version" value="11.6.5"/>
    <property name="java.runtime.name" value="OpenJDK Runtime Environment"/>
    <property name="file.encoding" value="UTF-8"/>
    <property name="java.vm.name" value="OpenJDK 64-Bit Server VM"/>
    <property name="localRepository" value="/Users/ginsenglee/.m2/repository"/>
    <property name="java.vendor.url.bug" value="https://bugreport.java.com/bugreport/"/>
    <property name="java.io.tmpdir" value="/var/folders/xx/25slf6s95wzdwttm2g62y7d80000gn/T/"/>
    <property name="java.version" value="18.0.1.1"/>
    <property name="user.dir" value="/Users/ginsenglee/Documents/GitHub/Multiplication-Microservices/multiplication_service"/>
    <property name="os.arch" value="x86_64"/>
    <property name="java.vm.specification.name" value="Java Virtual Machine Specification"/>
    <property name="native.encoding" value="UTF-8"/>
    <property name="java.library.path" value="/Users/ginsenglee/Library/Java/Extensions:/Library/Java/Extensions:/Network/Library/Java/Extensions:/System/Library/Java/Extensions:/usr/lib/java:."/>
    <property name="java.vm.info" value="mixed mode, sharing"/>
    <property name="java.vendor" value="Oracle Corporation"/>
    <property name="java.vm.version" value="18.0.1.1+2-6"/>
    <property name="sun.io.unicode.encoding" value="UnicodeBig"/>
    <property name="socksNonProxyHosts" value="local|*.local|169.254/16|*.169.254/16|127.0.0.1:21300|*.127.0.0.1:21300|localhost|*.localhost|lx.astxsvc.com|*.lx.astxsvc.com"/>
    <property name="java.class.version" value="62.0"/>
  </properties>
  <testcase name="contextLoads" classname="com.example.multiplication_service.MultiplicationServiceApplicationTests" time="0.009">
    <error message="Failed to load ApplicationContext" type="java.lang.IllegalStateException">java.lang.IllegalStateException: Failed to load ApplicationContext
Caused by: org.springframework.boot.context.config.ConfigDataResourceNotFoundException: Config data resource '[ConsulConfigDataResource@c827db context = 'config/multiplication,default/', optional = true, properties = [ConsulConfigProperties@377c68c6 enabled = true, prefixes = list['config'], defaultContext = 'application', profileSeparator = ',', format = KEY_VALUE, dataKey = 'data', aclToken = [null], watch = [ConsulConfigProperties.Watch@538cd0f2 waitTime = 55, enabled = true, delay = 1000], failFast = true, name = 'multiplication'], profile = 'default']' via location 'consul:' cannot be found
Caused by: org.springframework.cloud.consul.config.ConsulPropertySources$PropertySourceNotFoundException: com.ecwid.consul.transport.TransportException: org.apache.http.conn.HttpHostConnectException: Connect to localhost:8500 [localhost/127.0.0.1, localhost/0:0:0:0:0:0:0:1] failed: Connection refused
Caused by: com.ecwid.consul.transport.TransportException: org.apache.http.conn.HttpHostConnectException: Connect to localhost:8500 [localhost/127.0.0.1, localhost/0:0:0:0:0:0:0:1] failed: Connection refused
Caused by: org.apache.http.conn.HttpHostConnectException: Connect to localhost:8500 [localhost/127.0.0.1, localhost/0:0:0:0:0:0:0:1] failed: Connection refused
Caused by: java.net.ConnectException: Connection refused
</error>
    <system-out><![CDATA[19:18:49.332 [main] DEBUG org.springframework.test.context.BootstrapUtils - Instantiating CacheAwareContextLoaderDelegate from class [org.springframework.test.context.cache.DefaultCacheAwareContextLoaderDelegate]
19:18:49.344 [main] DEBUG org.springframework.test.context.BootstrapUtils - Instantiating BootstrapContext using constructor [public org.springframework.test.context.support.DefaultBootstrapContext(java.lang.Class,org.springframework.test.context.CacheAwareContextLoaderDelegate)]
19:18:49.390 [main] DEBUG org.springframework.test.context.BootstrapUtils - Instantiating TestContextBootstrapper for test class [com.example.multiplication_service.MultiplicationServiceApplicationTests] from class [org.springframework.boot.test.context.SpringBootTestContextBootstrapper]
19:18:49.407 [main] INFO org.springframework.boot.test.context.SpringBootTestContextBootstrapper - Neither @ContextConfiguration nor @ContextHierarchy found for test class [com.example.multiplication_service.MultiplicationServiceApplicationTests], using SpringBootContextLoader
19:18:49.412 [main] DEBUG org.springframework.test.context.support.AbstractContextLoader - Did not detect default resource location for test class [com.example.multiplication_service.MultiplicationServiceApplicationTests]: class path resource [com/example/multiplication_service/MultiplicationServiceApplicationTests-context.xml] does not exist
19:18:49.416 [main] DEBUG org.springframework.test.context.support.AbstractContextLoader - Did not detect default resource location for test class [com.example.multiplication_service.MultiplicationServiceApplicationTests]: class path resource [com/example/multiplication_service/MultiplicationServiceApplicationTestsContext.groovy] does not exist
19:18:49.416 [main] INFO org.springframework.test.context.support.AbstractContextLoader - Could not detect default resource locations for test class [com.example.multiplication_service.MultiplicationServiceApplicationTests]: no resource found for suffixes {-context.xml, Context.groovy}.
19:18:49.416 [main] INFO org.springframework.test.context.support.AnnotationConfigContextLoaderUtils - Could not detect default configuration classes for test class [com.example.multiplication_service.MultiplicationServiceApplicationTests]: MultiplicationServiceApplicationTests does not declare any static, non-private, non-final, nested classes annotated with @Configuration.
19:18:49.479 [main] DEBUG org.springframework.test.context.support.ActiveProfilesUtils - Could not find an 'annotation declaring class' for annotation type [org.springframework.test.context.ActiveProfiles] and class [com.example.multiplication_service.MultiplicationServiceApplicationTests]
19:18:49.571 [main] DEBUG org.springframework.context.annotation.ClassPathScanningCandidateComponentProvider - Identified candidate component class: file [/Users/ginsenglee/Documents/GitHub/Multiplication-Microservices/multiplication_service/target/classes/com/example/multiplication_service/MultiplicationServiceApplication.class]
19:18:49.575 [main] INFO org.springframework.boot.test.context.SpringBootTestContextBootstrapper - Found @SpringBootConfiguration com.example.multiplication_service.MultiplicationServiceApplication for test class com.example.multiplication_service.MultiplicationServiceApplicationTests
19:18:49.669 [main] DEBUG org.springframework.boot.test.context.SpringBootTestContextBootstrapper - @TestExecutionListeners is not present for class [com.example.multiplication_service.MultiplicationServiceApplicationTests]: using defaults.
19:18:49.670 [main] INFO org.springframework.boot.test.context.SpringBootTestContextBootstrapper - Loaded default TestExecutionListener class names from location [META-INF/spring.factories]: [org.springframework.boot.test.mock.mockito.MockitoTestExecutionListener, org.springframework.boot.test.mock.mockito.ResetMocksTestExecutionListener, org.springframework.boot.test.autoconfigure.restdocs.RestDocsTestExecutionListener, org.springframework.boot.test.autoconfigure.web.client.MockRestServiceServerResetTestExecutionListener, org.springframework.boot.test.autoconfigure.web.servlet.MockMvcPrintOnlyOnFailureTestExecutionListener, org.springframework.boot.test.autoconfigure.web.servlet.WebDriverTestExecutionListener, org.springframework.boot.test.autoconfigure.webservices.client.MockWebServiceServerTestExecutionListener, org.springframework.test.context.web.ServletTestExecutionListener, org.springframework.test.context.support.DirtiesContextBeforeModesTestExecutionListener, org.springframework.test.context.event.ApplicationEventsTestExecutionListener, org.springframework.test.context.support.DependencyInjectionTestExecutionListener, org.springframework.test.context.support.DirtiesContextTestExecutionListener, org.springframework.test.context.transaction.TransactionalTestExecutionListener, org.springframework.test.context.jdbc.SqlScriptsTestExecutionListener, org.springframework.test.context.event.EventPublishingTestExecutionListener]
19:18:49.688 [main] INFO org.springframework.boot.test.context.SpringBootTestContextBootstrapper - Using TestExecutionListeners: [org.springframework.test.context.web.ServletTestExecutionListener@7ceb3185, org.springframework.test.context.support.DirtiesContextBeforeModesTestExecutionListener@436c81a3, org.springframework.test.context.event.ApplicationEventsTestExecutionListener@3561c410, org.springframework.boot.test.mock.mockito.MockitoTestExecutionListener@59e32960, org.springframework.boot.test.autoconfigure.SpringBootDependencyInjectionTestExecutionListener@7c214cc0, org.springframework.test.context.support.DirtiesContextTestExecutionListener@5b67bb7e, org.springframework.test.context.transaction.TransactionalTestExecutionListener@609db546, org.springframework.test.context.jdbc.SqlScriptsTestExecutionListener@20f5281c, org.springframework.test.context.event.EventPublishingTestExecutionListener@56c4278e, org.springframework.boot.test.mock.mockito.ResetMocksTestExecutionListener@301eda63, org.springframework.boot.test.autoconfigure.restdocs.RestDocsTestExecutionListener@3d246ea3, org.springframework.boot.test.autoconfigure.web.client.MockRestServiceServerResetTestExecutionListener@341814d3, org.springframework.boot.test.autoconfigure.web.servlet.MockMvcPrintOnlyOnFailureTestExecutionListener@4397ad89, org.springframework.boot.test.autoconfigure.web.servlet.WebDriverTestExecutionListener@59cba5a, org.springframework.boot.test.autoconfigure.webservices.client.MockWebServiceServerTestExecutionListener@1bd39d3c]
19:18:49.691 [main] DEBUG org.springframework.test.context.support.AbstractDirtiesContextTestExecutionListener - Before test class: context [DefaultTestContext@20ca951f testClass = MultiplicationServiceApplicationTests, testInstance = [null], testMethod = [null], testException = [null], mergedContextConfiguration = [WebMergedContextConfiguration@2d778add testClass = MultiplicationServiceApplicationTests, locations = '{}', classes = '{class com.example.multiplication_service.MultiplicationServiceApplication}', contextInitializerClasses = '[]', activeProfiles = '{}', propertySourceLocations = '{}', propertySourceProperties = '{org.springframework.boot.test.context.SpringBootTestContextBootstrapper=true}', contextCustomizers = set[org.springframework.boot.test.context.filter.ExcludeFilterContextCustomizer@74455848, org.springframework.boot.test.json.DuplicateJsonObjectContextCustomizerFactory$DuplicateJsonObjectContextCustomizer@11bd0f3b, org.springframework.boot.test.mock.mockito.MockitoContextCustomizer@0, org.springframework.boot.test.web.client.TestRestTemplateContextCustomizer@b62d79, org.springframework.boot.test.autoconfigure.actuate.metrics.MetricsExportContextCustomizerFactory$DisableMetricExportContextCustomizer@1cbb87f3, org.springframework.boot.test.autoconfigure.properties.PropertyMappingContextCustomizer@0, org.springframework.boot.test.autoconfigure.web.servlet.WebDriverContextCustomizerFactory$Customizer@50b5ac82, org.springframework.boot.test.context.SpringBootTestArgs@1, org.springframework.boot.test.context.SpringBootTestWebEnvironment@6e6c3152], resourceBasePath = 'src/main/webapp', contextLoader = 'org.springframework.boot.test.context.SpringBootContextLoader', parent = [null]], attributes = map['org.springframework.test.context.web.ServletTestExecutionListener.activateListener' -> true]], class annotated with @DirtiesContext [false] with mode [null].
19:18:56.765 [main] DEBUG org.springframework.boot.diagnostics.LoggingFailureAnalysisReporter - Application failed to start due to an exception
org.springframework.boot.context.config.ConfigDataResourceNotFoundException: Config data resource '[ConsulConfigDataResource@c827db context = 'config/multiplication,default/', optional = true, properties = [ConsulConfigProperties@377c68c6 enabled = true, prefixes = list['config'], defaultContext = 'application', profileSeparator = ',', format = KEY_VALUE, dataKey = 'data', aclToken = [null], watch = [ConsulConfigProperties.Watch@538cd0f2 waitTime = 55, enabled = true, delay = 1000], failFast = true, name = 'multiplication'], profile = 'default']' via location 'consul:' cannot be found
	at org.springframework.boot.context.config.ConfigDataResourceNotFoundException.withLocation(ConfigDataResourceNotFoundException.java:97)
	at org.springframework.boot.context.config.ConfigDataImporter.handle(ConfigDataImporter.java:145)
	at org.springframework.boot.context.config.ConfigDataImporter.load(ConfigDataImporter.java:136)
	at org.springframework.boot.context.config.ConfigDataImporter.resolveAndLoad(ConfigDataImporter.java:86)
	at org.springframework.boot.context.config.ConfigDataEnvironmentContributors.withProcessedImports(ConfigDataEnvironmentContributors.java:116)
	at org.springframework.boot.context.config.ConfigDataEnvironment.processWithProfiles(ConfigDataEnvironment.java:311)
	at org.springframework.boot.context.config.ConfigDataEnvironment.processAndApply(ConfigDataEnvironment.java:232)
	at org.springframework.boot.context.config.ConfigDataEnvironmentPostProcessor.postProcessEnvironment(ConfigDataEnvironmentPostProcessor.java:102)
	at org.springframework.boot.context.config.ConfigDataEnvironmentPostProcessor.postProcessEnvironment(ConfigDataEnvironmentPostProcessor.java:94)
	at org.springframework.boot.env.EnvironmentPostProcessorApplicationListener.onApplicationEnvironmentPreparedEvent(EnvironmentPostProcessorApplicationListener.java:102)
	at org.springframework.boot.env.EnvironmentPostProcessorApplicationListener.onApplicationEvent(EnvironmentPostProcessorApplicationListener.java:87)
	at org.springframework.context.event.SimpleApplicationEventMulticaster.doInvokeListener(SimpleApplicationEventMulticaster.java:176)
	at org.springframework.context.event.SimpleApplicationEventMulticaster.invokeListener(SimpleApplicationEventMulticaster.java:169)
	at org.springframework.context.event.SimpleApplicationEventMulticaster.multicastEvent(SimpleApplicationEventMulticaster.java:143)
	at org.springframework.context.event.SimpleApplicationEventMulticaster.multicastEvent(SimpleApplicationEventMulticaster.java:131)
	at org.springframework.boot.context.event.EventPublishingRunListener.environmentPrepared(EventPublishingRunListener.java:85)
	at org.springframework.boot.SpringApplicationRunListeners.lambda$environmentPrepared$2(SpringApplicationRunListeners.java:66)
	at java.base/java.util.ArrayList.forEach(ArrayList.java:1511)
	at org.springframework.boot.SpringApplicationRunListeners.doWithListeners(SpringApplicationRunListeners.java:120)
	at org.springframework.boot.SpringApplicationRunListeners.doWithListeners(SpringApplicationRunListeners.java:114)
	at org.springframework.boot.SpringApplicationRunListeners.environmentPrepared(SpringApplicationRunListeners.java:65)
	at org.springframework.boot.SpringApplication.prepareEnvironment(SpringApplication.java:344)
	at org.springframework.boot.SpringApplication.run(SpringApplication.java:302)
	at org.springframework.boot.test.context.SpringBootContextLoader.loadContext(SpringBootContextLoader.java:132)
	at org.springframework.test.context.cache.DefaultCacheAwareContextLoaderDelegate.loadContextInternal(DefaultCacheAwareContextLoaderDelegate.java:99)
	at org.springframework.test.context.cache.DefaultCacheAwareContextLoaderDelegate.loadContext(DefaultCacheAwareContextLoaderDelegate.java:124)
	at org.springframework.test.context.support.DefaultTestContext.getApplicationContext(DefaultTestContext.java:124)
	at org.springframework.test.context.web.ServletTestExecutionListener.setUpRequestContextIfNecessary(ServletTestExecutionListener.java:190)
	at org.springframework.test.context.web.ServletTestExecutionListener.prepareTestInstance(ServletTestExecutionListener.java:132)
	at org.springframework.test.context.TestContextManager.prepareTestInstance(TestContextManager.java:248)
	at org.springframework.test.context.junit.jupiter.SpringExtension.postProcessTestInstance(SpringExtension.java:138)
	at org.junit.jupiter.engine.descriptor.ClassBasedTestDescriptor.lambda$invokeTestInstancePostProcessors$8(ClassBasedTestDescriptor.java:363)
	at org.junit.jupiter.engine.descriptor.ClassBasedTestDescriptor.executeAndMaskThrowable(ClassBasedTestDescriptor.java:368)
	at org.junit.jupiter.engine.descriptor.ClassBasedTestDescriptor.lambda$invokeTestInstancePostProcessors$9(ClassBasedTestDescriptor.java:363)
	at java.base/java.util.stream.ReferencePipeline$3$1.accept(ReferencePipeline.java:197)
	at java.base/java.util.stream.ReferencePipeline$2$1.accept(ReferencePipeline.java:179)
	at java.base/java.util.ArrayList$ArrayListSpliterator.forEachRemaining(ArrayList.java:1625)
	at java.base/java.util.stream.AbstractPipeline.copyInto(AbstractPipeline.java:509)
	at java.base/java.util.stream.AbstractPipeline.wrapAndCopyInto(AbstractPipeline.java:499)
	at java.base/java.util.stream.StreamSpliterators$WrappingSpliterator.forEachRemaining(StreamSpliterators.java:310)
	at java.base/java.util.stream.Streams$ConcatSpliterator.forEachRemaining(Streams.java:735)
	at java.base/java.util.stream.Streams$ConcatSpliterator.forEachRemaining(Streams.java:734)
	at java.base/java.util.stream.ReferencePipeline$Head.forEach(ReferencePipeline.java:762)
	at org.junit.jupiter.engine.descriptor.ClassBasedTestDescriptor.invokeTestInstancePostProcessors(ClassBasedTestDescriptor.java:362)
	at org.junit.jupiter.engine.descriptor.ClassBasedTestDescriptor.lambda$instantiateAndPostProcessTestInstance$6(ClassBasedTestDescriptor.java:283)
	at org.junit.platform.engine.support.hierarchical.ThrowableCollector.execute(ThrowableCollector.java:73)
	at org.junit.jupiter.engine.descriptor.ClassBasedTestDescriptor.instantiateAndPostProcessTestInstance(ClassBasedTestDescriptor.java:282)
	at org.junit.jupiter.engine.descriptor.ClassBasedTestDescriptor.lambda$testInstancesProvider$4(ClassBasedTestDescriptor.java:272)
	at java.base/java.util.Optional.orElseGet(Optional.java:364)
	at org.junit.jupiter.engine.descriptor.ClassBasedTestDescriptor.lambda$testInstancesProvider$5(ClassBasedTestDescriptor.java:271)
	at org.junit.jupiter.engine.execution.TestInstancesProvider.getTestInstances(TestInstancesProvider.java:31)
	at org.junit.jupiter.engine.descriptor.TestMethodTestDescriptor.lambda$prepare$0(TestMethodTestDescriptor.java:102)
	at org.junit.platform.engine.support.hierarchical.ThrowableCollector.execute(ThrowableCollector.java:73)
	at org.junit.jupiter.engine.descriptor.TestMethodTestDescriptor.prepare(TestMethodTestDescriptor.java:101)
	at org.junit.jupiter.engine.descriptor.TestMethodTestDescriptor.prepare(TestMethodTestDescriptor.java:66)
	at org.junit.platform.engine.support.hierarchical.NodeTestTask.lambda$prepare$2(NodeTestTask.java:123)
	at org.junit.platform.engine.support.hierarchical.ThrowableCollector.execute(ThrowableCollector.java:73)
	at org.junit.platform.engine.support.hierarchical.NodeTestTask.prepare(NodeTestTask.java:123)
	at org.junit.platform.engine.support.hierarchical.NodeTestTask.execute(NodeTestTask.java:90)
	at java.base/java.util.ArrayList.forEach(ArrayList.java:1511)
	at org.junit.platform.engine.support.hierarchical.SameThreadHierarchicalTestExecutorService.invokeAll(SameThreadHierarchicalTestExecutorService.java:41)
	at org.junit.platform.engine.support.hierarchical.NodeTestTask.lambda$executeRecursively$6(NodeTestTask.java:155)
	at org.junit.platform.engine.support.hierarchical.ThrowableCollector.execute(ThrowableCollector.java:73)
	at org.junit.platform.engine.support.hierarchical.NodeTestTask.lambda$executeRecursively$8(NodeTestTask.java:141)
	at org.junit.platform.engine.support.hierarchical.Node.around(Node.java:137)
	at org.junit.platform.engine.support.hierarchical.NodeTestTask.lambda$executeRecursively$9(NodeTestTask.java:139)
	at org.junit.platform.engine.support.hierarchical.ThrowableCollector.execute(ThrowableCollector.java:73)
	at org.junit.platform.engine.support.hierarchical.NodeTestTask.executeRecursively(NodeTestTask.java:138)
	at org.junit.platform.engine.support.hierarchical.NodeTestTask.execute(NodeTestTask.java:95)
	at java.base/java.util.ArrayList.forEach(ArrayList.java:1511)
	at org.junit.platform.engine.support.hierarchical.SameThreadHierarchicalTestExecutorService.invokeAll(SameThreadHierarchicalTestExecutorService.java:41)
	at org.junit.platform.engine.support.hierarchical.NodeTestTask.lambda$executeRecursively$6(NodeTestTask.java:155)
	at org.junit.platform.engine.support.hierarchical.ThrowableCollector.execute(ThrowableCollector.java:73)
	at org.junit.platform.engine.support.hierarchical.NodeTestTask.lambda$executeRecursively$8(NodeTestTask.java:141)
	at org.junit.platform.engine.support.hierarchical.Node.around(Node.java:137)
	at org.junit.platform.engine.support.hierarchical.NodeTestTask.lambda$executeRecursively$9(NodeTestTask.java:139)
	at org.junit.platform.engine.support.hierarchical.ThrowableCollector.execute(ThrowableCollector.java:73)
	at org.junit.platform.engine.support.hierarchical.NodeTestTask.executeRecursively(NodeTestTask.java:138)
	at org.junit.platform.engine.support.hierarchical.NodeTestTask.execute(NodeTestTask.java:95)
	at org.junit.platform.engine.support.hierarchical.SameThreadHierarchicalTestExecutorService.submit(SameThreadHierarchicalTestExecutorService.java:35)
	at org.junit.platform.engine.support.hierarchical.HierarchicalTestExecutor.execute(HierarchicalTestExecutor.java:57)
	at org.junit.platform.engine.support.hierarchical.HierarchicalTestEngine.execute(HierarchicalTestEngine.java:54)
	at org.junit.platform.launcher.core.DefaultLauncher.execute(DefaultLauncher.java:220)
	at org.junit.platform.launcher.core.DefaultLauncher.lambda$execute$6(DefaultLauncher.java:188)
	at org.junit.platform.launcher.core.DefaultLauncher.withInterceptedStreams(DefaultLauncher.java:202)
	at org.junit.platform.launcher.core.DefaultLauncher.execute(DefaultLauncher.java:181)
	at org.junit.platform.launcher.core.DefaultLauncher.execute(DefaultLauncher.java:128)
	at org.apache.maven.surefire.junitplatform.JUnitPlatformProvider.invokeAllTests(JUnitPlatformProvider.java:150)
	at org.apache.maven.surefire.junitplatform.JUnitPlatformProvider.invoke(JUnitPlatformProvider.java:124)
	at org.apache.maven.surefire.booter.ForkedBooter.invokeProviderInSameClassLoader(ForkedBooter.java:384)
	at org.apache.maven.surefire.booter.ForkedBooter.runSuitesInProcess(ForkedBooter.java:345)
	at org.apache.maven.surefire.booter.ForkedBooter.execute(ForkedBooter.java:126)
	at org.apache.maven.surefire.booter.ForkedBooter.main(ForkedBooter.java:418)
Caused by: org.springframework.cloud.consul.config.ConsulPropertySources$PropertySourceNotFoundException: com.ecwid.consul.transport.TransportException: org.apache.http.conn.HttpHostConnectException: Connect to localhost:8500 [localhost/127.0.0.1, localhost/0:0:0:0:0:0:0:1] failed: Connection refused
	at org.springframework.cloud.consul.config.ConsulPropertySources.createPropertySource(ConsulPropertySources.java:143)
	at org.springframework.cloud.consul.config.ConsulConfigDataLoader.doLoad(ConsulConfigDataLoader.java:66)
	at org.springframework.cloud.consul.config.ConsulRetryBootstrapper.lambda$null$2(ConsulRetryBootstrapper.java:61)
	at org.springframework.retry.support.RetryTemplate.doExecute(RetryTemplate.java:329)
	at org.springframework.retry.support.RetryTemplate.execute(RetryTemplate.java:209)
	at org.springframework.cloud.consul.config.ConsulRetryBootstrapper.lambda$null$3(ConsulRetryBootstrapper.java:60)
	at org.springframework.cloud.consul.config.ConsulConfigDataLoader.load(ConsulConfigDataLoader.java:54)
	at org.springframework.cloud.consul.config.ConsulConfigDataLoader.load(ConsulConfigDataLoader.java:38)
	at org.springframework.boot.context.config.ConfigDataLoaders.load(ConfigDataLoaders.java:107)
	at org.springframework.boot.context.config.ConfigDataImporter.load(ConfigDataImporter.java:128)
	... 90 common frames omitted
Caused by: com.ecwid.consul.transport.TransportException: org.apache.http.conn.HttpHostConnectException: Connect to localhost:8500 [localhost/127.0.0.1, localhost/0:0:0:0:0:0:0:1] failed: Connection refused
	at com.ecwid.consul.transport.AbstractHttpTransport.executeRequest(AbstractHttpTransport.java:83)
	at com.ecwid.consul.transport.AbstractHttpTransport.makeGetRequest(AbstractHttpTransport.java:36)
	at com.ecwid.consul.v1.ConsulRawClient.makeGetRequest(ConsulRawClient.java:139)
	at com.ecwid.consul.v1.ConsulRawClient.makeGetRequest(ConsulRawClient.java:128)
	at com.ecwid.consul.v1.kv.KeyValueConsulClient.getKVValues(KeyValueConsulClient.java:147)
	at com.ecwid.consul.v1.ConsulClient.getKVValues(ConsulClient.java:644)
	at org.springframework.cloud.consul.config.ConsulPropertySource.init(ConsulPropertySource.java:70)
	at org.springframework.cloud.consul.config.ConsulPropertySources.create(ConsulPropertySources.java:155)
	at org.springframework.cloud.consul.config.ConsulPropertySources.createPropertySource(ConsulPropertySources.java:134)
	... 99 common frames omitted
Caused by: org.apache.http.conn.HttpHostConnectException: Connect to localhost:8500 [localhost/127.0.0.1, localhost/0:0:0:0:0:0:0:1] failed: Connection refused
	at org.apache.http.impl.conn.DefaultHttpClientConnectionOperator.connect(DefaultHttpClientConnectionOperator.java:156)
	at org.apache.http.impl.conn.PoolingHttpClientConnectionManager.connect(PoolingHttpClientConnectionManager.java:376)
	at org.apache.http.impl.execchain.MainClientExec.establishRoute(MainClientExec.java:393)
	at org.apache.http.impl.execchain.MainClientExec.execute(MainClientExec.java:236)
	at org.apache.http.impl.execchain.ProtocolExec.execute(ProtocolExec.java:186)
	at org.apache.http.impl.execchain.RetryExec.execute(RetryExec.java:89)
	at org.apache.http.impl.execchain.RedirectExec.execute(RedirectExec.java:110)
	at org.apache.http.impl.client.InternalHttpClient.doExecute(InternalHttpClient.java:185)
	at org.apache.http.impl.client.CloseableHttpClient.execute(CloseableHttpClient.java:72)
	at org.apache.http.impl.client.CloseableHttpClient.execute(CloseableHttpClient.java:221)
	at org.apache.http.impl.client.CloseableHttpClient.execute(CloseableHttpClient.java:165)
	at org.apache.http.impl.client.CloseableHttpClient.execute(CloseableHttpClient.java:140)
	at com.ecwid.consul.transport.AbstractHttpTransport.executeRequest(AbstractHttpTransport.java:70)
	... 107 common frames omitted
Caused by: java.net.ConnectException: Connection refused
	at java.base/sun.nio.ch.Net.pollConnect(Native Method)
	at java.base/sun.nio.ch.Net.pollConnectNow(Net.java:672)
	at java.base/sun.nio.ch.NioSocketImpl.timedFinishConnect(NioSocketImpl.java:546)
	at java.base/sun.nio.ch.NioSocketImpl.connect(NioSocketImpl.java:594)
	at java.base/java.net.SocksSocketImpl.connect(SocksSocketImpl.java:327)
	at java.base/java.net.Socket.connect(Socket.java:633)
	at org.apache.http.conn.socket.PlainConnectionSocketFactory.connectSocket(PlainConnectionSocketFactory.java:75)
	at org.apache.http.impl.conn.DefaultHttpClientConnectionOperator.connect(DefaultHttpClientConnectionOperator.java:142)
	... 119 common frames omitted
19:18:56.766 [main] ERROR org.springframework.boot.diagnostics.LoggingFailureAnalysisReporter - 

***************************
APPLICATION FAILED TO START
***************************

Description:

Config data resource '[ConsulConfigDataResource@c827db context = 'config/multiplication,default/', optional = true, properties = [ConsulConfigProperties@377c68c6 enabled = true, prefixes = list['config'], defaultContext = 'application', profileSeparator = ',', format = KEY_VALUE, dataKey = 'data', aclToken = [null], watch = [ConsulConfigProperties.Watch@538cd0f2 waitTime = 55, enabled = true, delay = 1000], failFast = true, name = 'multiplication'], profile = 'default']' via location 'consul:' does not exist

Action:

Check that the value 'consul:' at class path resource [application.properties] - 18:22 is correct, or prefix it with 'optional:'

19:18:56.769 [main] ERROR org.springframework.test.context.TestContextManager - Caught exception while allowing TestExecutionListener [org.springframework.test.context.web.ServletTestExecutionListener@7ceb3185] to prepare test instance [com.example.multiplication_service.MultiplicationServiceApplicationTests@988246e]
java.lang.IllegalStateException: Failed to load ApplicationContext
	at org.springframework.test.context.cache.DefaultCacheAwareContextLoaderDelegate.loadContext(DefaultCacheAwareContextLoaderDelegate.java:132)
	at org.springframework.test.context.support.DefaultTestContext.getApplicationContext(DefaultTestContext.java:124)
	at org.springframework.test.context.web.ServletTestExecutionListener.setUpRequestContextIfNecessary(ServletTestExecutionListener.java:190)
	at org.springframework.test.context.web.ServletTestExecutionListener.prepareTestInstance(ServletTestExecutionListener.java:132)
	at org.springframework.test.context.TestContextManager.prepareTestInstance(TestContextManager.java:248)
	at org.springframework.test.context.junit.jupiter.SpringExtension.postProcessTestInstance(SpringExtension.java:138)
	at org.junit.jupiter.engine.descriptor.ClassBasedTestDescriptor.lambda$invokeTestInstancePostProcessors$8(ClassBasedTestDescriptor.java:363)
	at org.junit.jupiter.engine.descriptor.ClassBasedTestDescriptor.executeAndMaskThrowable(ClassBasedTestDescriptor.java:368)
	at org.junit.jupiter.engine.descriptor.ClassBasedTestDescriptor.lambda$invokeTestInstancePostProcessors$9(ClassBasedTestDescriptor.java:363)
	at java.base/java.util.stream.ReferencePipeline$3$1.accept(ReferencePipeline.java:197)
	at java.base/java.util.stream.ReferencePipeline$2$1.accept(ReferencePipeline.java:179)
	at java.base/java.util.ArrayList$ArrayListSpliterator.forEachRemaining(ArrayList.java:1625)
	at java.base/java.util.stream.AbstractPipeline.copyInto(AbstractPipeline.java:509)
	at java.base/java.util.stream.AbstractPipeline.wrapAndCopyInto(AbstractPipeline.java:499)
	at java.base/java.util.stream.StreamSpliterators$WrappingSpliterator.forEachRemaining(StreamSpliterators.java:310)
	at java.base/java.util.stream.Streams$ConcatSpliterator.forEachRemaining(Streams.java:735)
	at java.base/java.util.stream.Streams$ConcatSpliterator.forEachRemaining(Streams.java:734)
	at java.base/java.util.stream.ReferencePipeline$Head.forEach(ReferencePipeline.java:762)
	at org.junit.jupiter.engine.descriptor.ClassBasedTestDescriptor.invokeTestInstancePostProcessors(ClassBasedTestDescriptor.java:362)
	at org.junit.jupiter.engine.descriptor.ClassBasedTestDescriptor.lambda$instantiateAndPostProcessTestInstance$6(ClassBasedTestDescriptor.java:283)
	at org.junit.platform.engine.support.hierarchical.ThrowableCollector.execute(ThrowableCollector.java:73)
	at org.junit.jupiter.engine.descriptor.ClassBasedTestDescriptor.instantiateAndPostProcessTestInstance(ClassBasedTestDescriptor.java:282)
	at org.junit.jupiter.engine.descriptor.ClassBasedTestDescriptor.lambda$testInstancesProvider$4(ClassBasedTestDescriptor.java:272)
	at java.base/java.util.Optional.orElseGet(Optional.java:364)
	at org.junit.jupiter.engine.descriptor.ClassBasedTestDescriptor.lambda$testInstancesProvider$5(ClassBasedTestDescriptor.java:271)
	at org.junit.jupiter.engine.execution.TestInstancesProvider.getTestInstances(TestInstancesProvider.java:31)
	at org.junit.jupiter.engine.descriptor.TestMethodTestDescriptor.lambda$prepare$0(TestMethodTestDescriptor.java:102)
	at org.junit.platform.engine.support.hierarchical.ThrowableCollector.execute(ThrowableCollector.java:73)
	at org.junit.jupiter.engine.descriptor.TestMethodTestDescriptor.prepare(TestMethodTestDescriptor.java:101)
	at org.junit.jupiter.engine.descriptor.TestMethodTestDescriptor.prepare(TestMethodTestDescriptor.java:66)
	at org.junit.platform.engine.support.hierarchical.NodeTestTask.lambda$prepare$2(NodeTestTask.java:123)
	at org.junit.platform.engine.support.hierarchical.ThrowableCollector.execute(ThrowableCollector.java:73)
	at org.junit.platform.engine.support.hierarchical.NodeTestTask.prepare(NodeTestTask.java:123)
	at org.junit.platform.engine.support.hierarchical.NodeTestTask.execute(NodeTestTask.java:90)
	at java.base/java.util.ArrayList.forEach(ArrayList.java:1511)
	at org.junit.platform.engine.support.hierarchical.SameThreadHierarchicalTestExecutorService.invokeAll(SameThreadHierarchicalTestExecutorService.java:41)
	at org.junit.platform.engine.support.hierarchical.NodeTestTask.lambda$executeRecursively$6(NodeTestTask.java:155)
	at org.junit.platform.engine.support.hierarchical.ThrowableCollector.execute(ThrowableCollector.java:73)
	at org.junit.platform.engine.support.hierarchical.NodeTestTask.lambda$executeRecursively$8(NodeTestTask.java:141)
	at org.junit.platform.engine.support.hierarchical.Node.around(Node.java:137)
	at org.junit.platform.engine.support.hierarchical.NodeTestTask.lambda$executeRecursively$9(NodeTestTask.java:139)
	at org.junit.platform.engine.support.hierarchical.ThrowableCollector.execute(ThrowableCollector.java:73)
	at org.junit.platform.engine.support.hierarchical.NodeTestTask.executeRecursively(NodeTestTask.java:138)
	at org.junit.platform.engine.support.hierarchical.NodeTestTask.execute(NodeTestTask.java:95)
	at java.base/java.util.ArrayList.forEach(ArrayList.java:1511)
	at org.junit.platform.engine.support.hierarchical.SameThreadHierarchicalTestExecutorService.invokeAll(SameThreadHierarchicalTestExecutorService.java:41)
	at org.junit.platform.engine.support.hierarchical.NodeTestTask.lambda$executeRecursively$6(NodeTestTask.java:155)
	at org.junit.platform.engine.support.hierarchical.ThrowableCollector.execute(ThrowableCollector.java:73)
	at org.junit.platform.engine.support.hierarchical.NodeTestTask.lambda$executeRecursively$8(NodeTestTask.java:141)
	at org.junit.platform.engine.support.hierarchical.Node.around(Node.java:137)
	at org.junit.platform.engine.support.hierarchical.NodeTestTask.lambda$executeRecursively$9(NodeTestTask.java:139)
	at org.junit.platform.engine.support.hierarchical.ThrowableCollector.execute(ThrowableCollector.java:73)
	at org.junit.platform.engine.support.hierarchical.NodeTestTask.executeRecursively(NodeTestTask.java:138)
	at org.junit.platform.engine.support.hierarchical.NodeTestTask.execute(NodeTestTask.java:95)
	at org.junit.platform.engine.support.hierarchical.SameThreadHierarchicalTestExecutorService.submit(SameThreadHierarchicalTestExecutorService.java:35)
	at org.junit.platform.engine.support.hierarchical.HierarchicalTestExecutor.execute(HierarchicalTestExecutor.java:57)
	at org.junit.platform.engine.support.hierarchical.HierarchicalTestEngine.execute(HierarchicalTestEngine.java:54)
	at org.junit.platform.launcher.core.DefaultLauncher.execute(DefaultLauncher.java:220)
	at org.junit.platform.launcher.core.DefaultLauncher.lambda$execute$6(DefaultLauncher.java:188)
	at org.junit.platform.launcher.core.DefaultLauncher.withInterceptedStreams(DefaultLauncher.java:202)
	at org.junit.platform.launcher.core.DefaultLauncher.execute(DefaultLauncher.java:181)
	at org.junit.platform.launcher.core.DefaultLauncher.execute(DefaultLauncher.java:128)
	at org.apache.maven.surefire.junitplatform.JUnitPlatformProvider.invokeAllTests(JUnitPlatformProvider.java:150)
	at org.apache.maven.surefire.junitplatform.JUnitPlatformProvider.invoke(JUnitPlatformProvider.java:124)
	at org.apache.maven.surefire.booter.ForkedBooter.invokeProviderInSameClassLoader(ForkedBooter.java:384)
	at org.apache.maven.surefire.booter.ForkedBooter.runSuitesInProcess(ForkedBooter.java:345)
	at org.apache.maven.surefire.booter.ForkedBooter.execute(ForkedBooter.java:126)
	at org.apache.maven.surefire.booter.ForkedBooter.main(ForkedBooter.java:418)
Caused by: org.springframework.boot.context.config.ConfigDataResourceNotFoundException: Config data resource '[ConsulConfigDataResource@c827db context = 'config/multiplication,default/', optional = true, properties = [ConsulConfigProperties@377c68c6 enabled = true, prefixes = list['config'], defaultContext = 'application', profileSeparator = ',', format = KEY_VALUE, dataKey = 'data', aclToken = [null], watch = [ConsulConfigProperties.Watch@538cd0f2 waitTime = 55, enabled = true, delay = 1000], failFast = true, name = 'multiplication'], profile = 'default']' via location 'consul:' cannot be found
	at org.springframework.boot.context.config.ConfigDataResourceNotFoundException.withLocation(ConfigDataResourceNotFoundException.java:97)
	at org.springframework.boot.context.config.ConfigDataImporter.handle(ConfigDataImporter.java:145)
	at org.springframework.boot.context.config.ConfigDataImporter.load(ConfigDataImporter.java:136)
	at org.springframework.boot.context.config.ConfigDataImporter.resolveAndLoad(ConfigDataImporter.java:86)
	at org.springframework.boot.context.config.ConfigDataEnvironmentContributors.withProcessedImports(ConfigDataEnvironmentContributors.java:116)
	at org.springframework.boot.context.config.ConfigDataEnvironment.processWithProfiles(ConfigDataEnvironment.java:311)
	at org.springframework.boot.context.config.ConfigDataEnvironment.processAndApply(ConfigDataEnvironment.java:232)
	at org.springframework.boot.context.config.ConfigDataEnvironmentPostProcessor.postProcessEnvironment(ConfigDataEnvironmentPostProcessor.java:102)
	at org.springframework.boot.context.config.ConfigDataEnvironmentPostProcessor.postProcessEnvironment(ConfigDataEnvironmentPostProcessor.java:94)
	at org.springframework.boot.env.EnvironmentPostProcessorApplicationListener.onApplicationEnvironmentPreparedEvent(EnvironmentPostProcessorApplicationListener.java:102)
	at org.springframework.boot.env.EnvironmentPostProcessorApplicationListener.onApplicationEvent(EnvironmentPostProcessorApplicationListener.java:87)
	at org.springframework.context.event.SimpleApplicationEventMulticaster.doInvokeListener(SimpleApplicationEventMulticaster.java:176)
	at org.springframework.context.event.SimpleApplicationEventMulticaster.invokeListener(SimpleApplicationEventMulticaster.java:169)
	at org.springframework.context.event.SimpleApplicationEventMulticaster.multicastEvent(SimpleApplicationEventMulticaster.java:143)
	at org.springframework.context.event.SimpleApplicationEventMulticaster.multicastEvent(SimpleApplicationEventMulticaster.java:131)
	at org.springframework.boot.context.event.EventPublishingRunListener.environmentPrepared(EventPublishingRunListener.java:85)
	at org.springframework.boot.SpringApplicationRunListeners.lambda$environmentPrepared$2(SpringApplicationRunListeners.java:66)
	at java.base/java.util.ArrayList.forEach(ArrayList.java:1511)
	at org.springframework.boot.SpringApplicationRunListeners.doWithListeners(SpringApplicationRunListeners.java:120)
	at org.springframework.boot.SpringApplicationRunListeners.doWithListeners(SpringApplicationRunListeners.java:114)
	at org.springframework.boot.SpringApplicationRunListeners.environmentPrepared(SpringApplicationRunListeners.java:65)
	at org.springframework.boot.SpringApplication.prepareEnvironment(SpringApplication.java:344)
	at org.springframework.boot.SpringApplication.run(SpringApplication.java:302)
	at org.springframework.boot.test.context.SpringBootContextLoader.loadContext(SpringBootContextLoader.java:132)
	at org.springframework.test.context.cache.DefaultCacheAwareContextLoaderDelegate.loadContextInternal(DefaultCacheAwareContextLoaderDelegate.java:99)
	at org.springframework.test.context.cache.DefaultCacheAwareContextLoaderDelegate.loadContext(DefaultCacheAwareContextLoaderDelegate.java:124)
	... 67 common frames omitted
Caused by: org.springframework.cloud.consul.config.ConsulPropertySources$PropertySourceNotFoundException: com.ecwid.consul.transport.TransportException: org.apache.http.conn.HttpHostConnectException: Connect to localhost:8500 [localhost/127.0.0.1, localhost/0:0:0:0:0:0:0:1] failed: Connection refused
	at org.springframework.cloud.consul.config.ConsulPropertySources.createPropertySource(ConsulPropertySources.java:143)
	at org.springframework.cloud.consul.config.ConsulConfigDataLoader.doLoad(ConsulConfigDataLoader.java:66)
	at org.springframework.cloud.consul.config.ConsulRetryBootstrapper.lambda$null$2(ConsulRetryBootstrapper.java:61)
	at org.springframework.retry.support.RetryTemplate.doExecute(RetryTemplate.java:329)
	at org.springframework.retry.support.RetryTemplate.execute(RetryTemplate.java:209)
	at org.springframework.cloud.consul.config.ConsulRetryBootstrapper.lambda$null$3(ConsulRetryBootstrapper.java:60)
	at org.springframework.cloud.consul.config.ConsulConfigDataLoader.load(ConsulConfigDataLoader.java:54)
	at org.springframework.cloud.consul.config.ConsulConfigDataLoader.load(ConsulConfigDataLoader.java:38)
	at org.springframework.boot.context.config.ConfigDataLoaders.load(ConfigDataLoaders.java:107)
	at org.springframework.boot.context.config.ConfigDataImporter.load(ConfigDataImporter.java:128)
	... 90 common frames omitted
Caused by: com.ecwid.consul.transport.TransportException: org.apache.http.conn.HttpHostConnectException: Connect to localhost:8500 [localhost/127.0.0.1, localhost/0:0:0:0:0:0:0:1] failed: Connection refused
	at com.ecwid.consul.transport.AbstractHttpTransport.executeRequest(AbstractHttpTransport.java:83)
	at com.ecwid.consul.transport.AbstractHttpTransport.makeGetRequest(AbstractHttpTransport.java:36)
	at com.ecwid.consul.v1.ConsulRawClient.makeGetRequest(ConsulRawClient.java:139)
	at com.ecwid.consul.v1.ConsulRawClient.makeGetRequest(ConsulRawClient.java:128)
	at com.ecwid.consul.v1.kv.KeyValueConsulClient.getKVValues(KeyValueConsulClient.java:147)
	at com.ecwid.consul.v1.ConsulClient.getKVValues(ConsulClient.java:644)
	at org.springframework.cloud.consul.config.ConsulPropertySource.init(ConsulPropertySource.java:70)
	at org.springframework.cloud.consul.config.ConsulPropertySources.create(ConsulPropertySources.java:155)
	at org.springframework.cloud.consul.config.ConsulPropertySources.createPropertySource(ConsulPropertySources.java:134)
	... 99 common frames omitted
Caused by: org.apache.http.conn.HttpHostConnectException: Connect to localhost:8500 [localhost/127.0.0.1, localhost/0:0:0:0:0:0:0:1] failed: Connection refused
	at org.apache.http.impl.conn.DefaultHttpClientConnectionOperator.connect(DefaultHttpClientConnectionOperator.java:156)
	at org.apache.http.impl.conn.PoolingHttpClientConnectionManager.connect(PoolingHttpClientConnectionManager.java:376)
	at org.apache.http.impl.execchain.MainClientExec.establishRoute(MainClientExec.java:393)
	at org.apache.http.impl.execchain.MainClientExec.execute(MainClientExec.java:236)
	at org.apache.http.impl.execchain.ProtocolExec.execute(ProtocolExec.java:186)
	at org.apache.http.impl.execchain.RetryExec.execute(RetryExec.java:89)
	at org.apache.http.impl.execchain.RedirectExec.execute(RedirectExec.java:110)
	at org.apache.http.impl.client.InternalHttpClient.doExecute(InternalHttpClient.java:185)
	at org.apache.http.impl.client.CloseableHttpClient.execute(CloseableHttpClient.java:72)
	at org.apache.http.impl.client.CloseableHttpClient.execute(CloseableHttpClient.java:221)
	at org.apache.http.impl.client.CloseableHttpClient.execute(CloseableHttpClient.java:165)
	at org.apache.http.impl.client.CloseableHttpClient.execute(CloseableHttpClient.java:140)
	at com.ecwid.consul.transport.AbstractHttpTransport.executeRequest(AbstractHttpTransport.java:70)
	... 107 common frames omitted
Caused by: java.net.ConnectException: Connection refused
	at java.base/sun.nio.ch.Net.pollConnect(Native Method)
	at java.base/sun.nio.ch.Net.pollConnectNow(Net.java:672)
	at java.base/sun.nio.ch.NioSocketImpl.timedFinishConnect(NioSocketImpl.java:546)
	at java.base/sun.nio.ch.NioSocketImpl.connect(NioSocketImpl.java:594)
	at java.base/java.net.SocksSocketImpl.connect(SocksSocketImpl.java:327)
	at java.base/java.net.Socket.connect(Socket.java:633)
	at org.apache.http.conn.socket.PlainConnectionSocketFactory.connectSocket(PlainConnectionSocketFactory.java:75)
	at org.apache.http.impl.conn.DefaultHttpClientConnectionOperator.connect(DefaultHttpClientConnectionOperator.java:142)
	... 119 common frames omitted
]]></system-out>
  </testcase>
</testsuite>